#
# There is insufficient memory for the Java Runtime Environment to continue.
# Native memory allocation (malloc) failed to allocate 422736 bytes for Chunk::new
# Possible reasons:
#   The system is out of physical RAM or swap space
#   The process is running with CompressedOops enabled, and the Java Heap may be blocking the growth of the native heap
# Possible solutions:
#   Reduce memory load on the system
#   Increase physical memory or swap space
#   Check if swap backing store is full
#   Decrease Java heap size (-Xmx/-Xms)
#   Decrease number of Java threads
#   Decrease Java thread stack sizes (-Xss)
#   Set larger code cache with -XX:ReservedCodeCacheSize=
#   JVM is running with Unscaled Compressed Oops mode in which the Java heap is
#     placed in the first 4GB address space. The Java Heap base address is the
#     maximum limit for the native heap growth. Please use -XX:HeapBaseMinAddress
#     to set the Java Heap base and to place the Java Heap above 4GB virtual address.
# This output file may be truncated or incomplete.
#
#  Out of Memory Error (allocation.cpp:389), pid=8456, tid=0x0000000000001998
#
# JRE version: OpenJDK Runtime Environment (8.0_212-b04) (build 1.8.0_212-release-1586-b04)
# Java VM: OpenJDK 64-Bit Server VM (25.212-b04 mixed mode windows-amd64 compressed oops)
# Failed to write core dump. Minidumps are not enabled by default on client versions of Windows
#

---------------  T H R E A D  ---------------

Current thread (0x00000000162e1800):  JavaThread "C2 CompilerThread1" daemon [_thread_in_native, id=6552, stack(0x0000000017a50000,0x0000000017b50000)]

Stack: [0x0000000017a50000,0x0000000017b50000]
[error occurred during error reporting (printing stack bounds), id 0xc0000005]

Native frames: (J=compiled Java code, j=interpreted, Vv=VM code, C=native code)


Current CompileTask:
C2:6731041 27966       4       java.io.ObjectStreamClass::writeNonProxy (161 bytes)


---------------  P R O C E S S  ---------------

Java Threads: ( => current thread )
  0x0000000020dbc800 JavaThread "stdout" [_thread_in_native, id=3124, stack(0x00000000283e0000,0x00000000284e0000)]
  0x0000000020dbc000 JavaThread "stderr" [_thread_in_native, id=6720, stack(0x0000000028020000,0x0000000028120000)]
  0x000000001ef80000 JavaThread "stdout" [_thread_in_native, id=7892, stack(0x0000000027b20000,0x0000000027c20000)]
  0x000000001ef82800 JavaThread "stderr" [_thread_in_native, id=8308, stack(0x0000000027a20000,0x0000000027b20000)]
  0x000000001ef7e800 JavaThread "stdout" [_thread_in_native, id=9460, stack(0x0000000027920000,0x0000000027a20000)]
  0x000000001ef7e000 JavaThread "stderr" [_thread_in_native, id=5244, stack(0x0000000027820000,0x0000000027920000)]
  0x000000001ef75000 JavaThread "WorkerExecutor Queue Thread 4" [_thread_blocked, id=14232, stack(0x0000000027720000,0x0000000027820000)]
  0x000000001ef79800 JavaThread "pool-30-thread-1" [_thread_blocked, id=6300, stack(0x0000000027620000,0x0000000027720000)]
  0x000000001ef78000 JavaThread "WorkerExecutor Queue Thread 3" [_thread_blocked, id=10340, stack(0x0000000027520000,0x0000000027620000)]
  0x000000001ef74000 JavaThread "WorkerExecutor Queue Thread 2" [_thread_blocked, id=7668, stack(0x0000000027420000,0x0000000027520000)]
  0x0000000019dea800 JavaThread "WorkerExecutor Queue" [_thread_blocked, id=5800, stack(0x0000000027320000,0x0000000027420000)]
  0x0000000019de8800 JavaThread "Cache worker for execution history cache (C:\Andriods\and\.gradle\5.6.4\executionHistory)" [_thread_blocked, id=2516, stack(0x0000000027020000,0x0000000027120000)]
  0x0000000019de7000 JavaThread "Execution worker for ':' Thread 3" [_thread_blocked, id=8968, stack(0x0000000026f20000,0x0000000027020000)]
  0x0000000019dde800 JavaThread "Execution worker for ':' Thread 2" [_thread_blocked, id=13296, stack(0x0000000026b20000,0x0000000026c20000)]
  0x0000000019de5800 JavaThread "Execution worker for ':'" [_thread_in_Java, id=11340, stack(0x0000000025fd0000,0x00000000260d0000)]
  0x0000000019de0000 JavaThread "Cache worker for file content cache (C:\Andriods\and\.gradle\5.6.4\fileContent)" [_thread_blocked, id=11640, stack(0x00000000258d0000,0x00000000259d0000)]
  0x0000000019dde000 JavaThread "Cache worker for Build Output Cleanup Cache (C:\Andriods\and\.gradle\buildOutputCleanup)" [_thread_blocked, id=940, stack(0x00000000245d0000,0x00000000246d0000)]
  0x0000000019de4800 JavaThread "Build operations Thread 4" [_thread_blocked, id=12672, stack(0x0000000023c90000,0x0000000023d90000)]
  0x000000001c322800 JavaThread "Build operations Thread 3" [_thread_blocked, id=7520, stack(0x0000000023590000,0x0000000023690000)]
  0x000000001c322000 JavaThread "Build operations Thread 2" [_thread_blocked, id=10988, stack(0x0000000021910000,0x0000000021a10000)]
  0x000000001c321000 JavaThread "Build operations" [_thread_blocked, id=12504, stack(0x0000000020790000,0x0000000020890000)]
  0x000000001c320800 JavaThread "Cache worker for cache directory md-rule (C:\Users\Shadi Mohammad\.gradle\caches\5.6.4\md-rule)" [_thread_blocked, id=7464, stack(0x000000001e910000,0x000000001ea10000)]
  0x000000001c318000 JavaThread "Cache worker for cache directory md-supplier (C:\Users\Shadi Mohammad\.gradle\caches\5.6.4\md-supplier)" [_thread_blocked, id=496, stack(0x000000001e810000,0x000000001e910000)]
  0x000000001c31c000 JavaThread "Cache worker for file hash cache (C:\Andriods\and\.gradle\5.6.4\fileHashes)" [_thread_blocked, id=14136, stack(0x000000001bb70000,0x000000001bc70000)]
  0x000000001c316800 JavaThread "Thread-207" [_thread_blocked, id=3884, stack(0x000000001ba70000,0x000000001bb70000)]
  0x000000001c31d800 JavaThread "Stdin handler" [_thread_blocked, id=13864, stack(0x000000001b970000,0x000000001ba70000)]
  0x000000001c319000 JavaThread "Asynchronous log dispatcher for DefaultDaemonConnection: socket connection from /127.0.0.1:50993 to /127.0.0.1:52100" [_thread_blocked, id=13544, stack(0x000000001b870000,0x000000001b970000)]
  0x000000001c317800 JavaThread "Cancel handler" [_thread_blocked, id=6084, stack(0x000000001b470000,0x000000001b570000)]
  0x000000001c31b000 JavaThread "Handler for socket connection from /127.0.0.1:50993 to /127.0.0.1:52100" [_thread_in_native, id=1156, stack(0x000000001b370000,0x000000001b470000)]
  0x000000001ef7b000 JavaThread "Daemon worker Thread 6" [_thread_in_Java, id=3276, stack(0x000000001b770000,0x000000001b870000)]
  0x000000001ef75800 JavaThread "Daemon Thread 6" [_thread_blocked, id=14132, stack(0x0000000000b80000,0x0000000000c80000)]
  0x000000001c313800 JavaThread "Cache worker for Java compile cache (C:\Users\Shadi Mohammad\.gradle\caches\5.6.4\javaCompile)" [_thread_blocked, id=6972, stack(0x000000002b610000,0x000000002b710000)]
  0x000000001ef78800 JavaThread "Cache worker for file content cache (C:\Users\Shadi Mohammad\.gradle\caches\5.6.4\fileContent)" [_thread_blocked, id=5468, stack(0x0000000026c20000,0x0000000026d20000)]
  0x0000000019deb800 JavaThread "Memory manager" [_thread_blocked, id=3548, stack(0x0000000024790000,0x0000000024890000)]
  0x0000000019de2800 JavaThread "Cache worker for execution history cache (C:\Users\Shadi Mohammad\.gradle\caches\5.6.4\executionHistory)" [_thread_blocked, id=6800, stack(0x0000000020090000,0x0000000020190000)]
  0x0000000019a5b800 JavaThread "Cache worker for journal cache (C:\Users\Shadi Mohammad\.gradle\caches\journal-1)" [_thread_blocked, id=5540, stack(0x000000001c070000,0x000000001c170000)]
  0x0000000019a58800 JavaThread "File lock request listener" [_thread_in_native, id=5252, stack(0x000000001bf70000,0x000000001c070000)]
  0x0000000019a5b000 JavaThread "Cache worker for file hash cache (C:\Users\Shadi Mohammad\.gradle\caches\5.6.4\fileHashes)" [_thread_blocked, id=12760, stack(0x000000001be70000,0x000000001bf70000)]
  0x0000000019ac7000 JavaThread "Daemon periodic checks" [_thread_blocked, id=9768, stack(0x000000001b270000,0x000000001b370000)]
  0x000000001963b000 JavaThread "Incoming local TCP Connector on port 50993" [_thread_in_native, id=9952, stack(0x000000001b030000,0x000000001b130000)]
  0x0000000017cfe800 JavaThread "Daemon health stats" [_thread_blocked, id=9552, stack(0x000000001a9f0000,0x000000001aaf0000)]
  0x0000000017c71000 JavaThread "Service Thread" daemon [_thread_blocked, id=3432, stack(0x0000000018050000,0x0000000018150000)]
  0x00000000162e9800 JavaThread "C1 CompilerThread2" daemon [_thread_in_vm, id=1896, stack(0x0000000017b50000,0x0000000017c50000)]
=>0x00000000162e1800 JavaThread "C2 CompilerThread1" daemon [_thread_in_native, id=6552, stack(0x0000000017a50000,0x0000000017b50000)]
  0x00000000162dd000 JavaThread "C2 CompilerThread0" daemon [_thread_blocked, id=9612, stack(0x0000000017950000,0x0000000017a50000)]
  0x00000000162db800 JavaThread "Attach Listener" daemon [_thread_blocked, id=12336, stack(0x0000000017850000,0x0000000017950000)]
  0x00000000162da000 JavaThread "Signal Dispatcher" daemon [_thread_blocked, id=5016, stack(0x0000000017750000,0x0000000017850000)]
  0x000000000296c000 JavaThread "Finalizer" daemon [_thread_blocked, id=6640, stack(0x0000000017550000,0x0000000017650000)]
  0x00000000162c9000 JavaThread "Reference Handler" daemon [_thread_blocked, id=12956, stack(0x0000000017450000,0x0000000017550000)]
  0x0000000000ede800 JavaThread "main" [_thread_blocked, id=12108, stack(0x0000000002770000,0x0000000002870000)]

Other Threads:
  0x00000000162a6000 VMThread [stack: 0x0000000017350000,0x0000000017450000] [id=8468]
  0x000000001633d000 WatcherThread [stack: 0x0000000018150000,0x0000000018250000] [id=7084]

VM state:not at safepoint (normal execution)

VM Mutex/Monitor currently owned by a thread: None

heap address: 0x00000000a0000000, size: 1536 MB, Compressed Oops mode: 32-bit
Narrow klass base: 0x0000000000000000, Narrow klass shift: 3
Compressed class space size: 1073741824 Address: 0x0000000100000000

Heap:
 PSYoungGen      total 477696K, used 48909K [0x00000000e0000000, 0x0000000100000000, 0x0000000100000000)
  eden space 431104K, 4% used [0x00000000e0000000,0x00000000e12050e8,0x00000000fa500000)
  from space 46592K, 65% used [0x00000000fa500000,0x00000000fc2be668,0x00000000fd280000)
  to   space 45568K, 0% used [0x00000000fd380000,0x00000000fd380000,0x0000000100000000)
 ParOldGen       total 170496K, used 106838K [0x00000000a0000000, 0x00000000aa680000, 0x00000000e0000000)
  object space 170496K, 62% used [0x00000000a0000000,0x00000000a6855920,0x00000000aa680000)
 Metaspace       used 129051K, capacity 136160K, committed 136472K, reserved 1167360K
  class space    used 16427K, capacity 17805K, committed 17944K, reserved 1048576K

Card table byte_map: [0x0000000011d30000,0x0000000012040000] byte_map_base: 0x0000000011830000

Marking Bits: (ParMarkBitMap*) 0x000000006c4f9f30
 Begin Bits: [0x0000000012640000, 0x0000000013e40000)
 End Bits:   [0x0000000013e40000, 0x0000000015640000)

Polling page: 0x0000000000ea0000

CodeCache: size=245760Kb used=77307Kb max_used=77481Kb free=168452Kb
 bounds [0x0000000002970000, 0x00000000075b0000, 0x0000000011970000]
 total_blobs=22606 nmethods=21649 adapters=868
 compilation: enabled

Compilation events (10 events):
Event: 6730.978 Thread 0x00000000162e9800 27963   !   3       com.sun.jmx.mbeanserver.Repository::query (529 bytes)
Event: 6730.982 Thread 0x00000000162dd000 27965       4       java.io.ObjectOutputStream$BlockDataOutputStream::writeLong (48 bytes)
Event: 6730.984 Thread 0x00000000162dd000 nmethod 27965 0x0000000002d29e90 code [0x0000000002d29fe0, 0x0000000002d2a158]
Event: 6730.984 Thread 0x00000000162e9800 nmethod 27963 0x000000000574c650 code [0x000000000574cd60, 0x0000000005751698]
Event: 6730.984 Thread 0x00000000162e9800 27964   !   3       com.sun.jmx.interceptor.DefaultMBeanServerInterceptor::objectInstancesFromFilteredNamedObjects (218 bytes)
Event: 6730.986 Thread 0x00000000162e9800 nmethod 27964 0x00000000054e7050 code [0x00000000054e7360, 0x00000000054e8a38]
Event: 6731.003 Thread 0x00000000162e1800 27966       4       java.io.ObjectStreamClass::writeNonProxy (161 bytes)
Event: 6731.016 Thread 0x00000000162dd000 27967   !   4       sun.nio.fs.WindowsFileSystemProvider::newByteChannel (71 bytes)
Event: 6731.019 Thread 0x00000000162dd000 nmethod 27967 0x00000000051a4790 code [0x00000000051a4920, 0x00000000051a4bd0]
Event: 6731.038 Thread 0x00000000162dd000 27968       4       com.google.common.cache.LocalCache$EntryFactory$1::newEntry (12 bytes)

GC Heap History (10 events):
Event: 634.048 GC heap before
{Heap before GC invocations=35 (full 4):
 PSYoungGen      total 483328K, used 468451K [0x00000000e0000000, 0x0000000100000000, 0x0000000100000000)
  eden space 441856K, 100% used [0x00000000e0000000,0x00000000faf80000,0x00000000faf80000)
  from space 41472K, 64% used [0x00000000fd780000,0x00000000ff178eb0,0x0000000100000000)
  to   space 40960K, 0% used [0x00000000faf80000,0x00000000faf80000,0x00000000fd780000)
 ParOldGen       total 170496K, used 97728K [0x00000000a0000000, 0x00000000aa680000, 0x00000000e0000000)
  object space 170496K, 57% used [0x00000000a0000000,0x00000000a5f70158,0x00000000aa680000)
 Metaspace       used 127709K, capacity 134248K, committed 134424K, reserved 1165312K
  class space    used 16302K, capacity 17607K, committed 17688K, reserved 1048576K
Event: 634.133 GC heap after
Heap after GC invocations=35 (full 4):
 PSYoungGen      total 482816K, used 30520K [0x00000000e0000000, 0x0000000100000000, 0x0000000100000000)
  eden space 441856K, 0% used [0x00000000e0000000,0x00000000e0000000,0x00000000faf80000)
  from space 40960K, 74% used [0x00000000faf80000,0x00000000fcd4e0c8,0x00000000fd780000)
  to   space 41472K, 0% used [0x00000000fd780000,0x00000000fd780000,0x0000000100000000)
 ParOldGen       total 170496K, used 102309K [0x00000000a0000000, 0x00000000aa680000, 0x00000000e0000000)
  object space 170496K, 60% used [0x00000000a0000000,0x00000000a63e9778,0x00000000aa680000)
 Metaspace       used 127709K, capacity 134248K, committed 134424K, reserved 1165312K
  class space    used 16302K, capacity 17607K, committed 17688K, reserved 1048576K
}
Event: 635.779 GC heap before
{Heap before GC invocations=36 (full 4):
 PSYoungGen      total 482816K, used 472376K [0x00000000e0000000, 0x0000000100000000, 0x0000000100000000)
  eden space 441856K, 100% used [0x00000000e0000000,0x00000000faf80000,0x00000000faf80000)
  from space 40960K, 74% used [0x00000000faf80000,0x00000000fcd4e0c8,0x00000000fd780000)
  to   space 41472K, 0% used [0x00000000fd780000,0x00000000fd780000,0x0000000100000000)
 ParOldGen       total 170496K, used 102309K [0x00000000a0000000, 0x00000000aa680000, 0x00000000e0000000)
  object space 170496K, 60% used [0x00000000a0000000,0x00000000a63e9778,0x00000000aa680000)
 Metaspace       used 127732K, capacity 134264K, committed 134424K, reserved 1165312K
  class space    used 16303K, capacity 17609K, committed 17688K, reserved 1048576K
Event: 635.819 GC heap after
Heap after GC invocations=36 (full 4):
 PSYoungGen      total 480768K, used 24003K [0x00000000e0000000, 0x00000000ffd80000, 0x0000000100000000)
  eden space 441856K, 0% used [0x00000000e0000000,0x00000000e0000000,0x00000000faf80000)
  from space 38912K, 61% used [0x00000000fd780000,0x00000000feef0c58,0x00000000ffd80000)
  to   space 39936K, 0% used [0x00000000faf80000,0x00000000faf80000,0x00000000fd680000)
 ParOldGen       total 170496K, used 102485K [0x00000000a0000000, 0x00000000aa680000, 0x00000000e0000000)
  object space 170496K, 60% used [0x00000000a0000000,0x00000000a6415778,0x00000000aa680000)
 Metaspace       used 127732K, capacity 134264K, committed 134424K, reserved 1165312K
  class space    used 16303K, capacity 17609K, committed 17688K, reserved 1048576K
}
Event: 641.900 GC heap before
{Heap before GC invocations=37 (full 4):
 PSYoungGen      total 480768K, used 465859K [0x00000000e0000000, 0x00000000ffd80000, 0x0000000100000000)
  eden space 441856K, 100% used [0x00000000e0000000,0x00000000faf80000,0x00000000faf80000)
  from space 38912K, 61% used [0x00000000fd780000,0x00000000feef0c58,0x00000000ffd80000)
  to   space 39936K, 0% used [0x00000000faf80000,0x00000000faf80000,0x00000000fd680000)
 ParOldGen       total 170496K, used 102485K [0x00000000a0000000, 0x00000000aa680000, 0x00000000e0000000)
  object space 170496K, 60% used [0x00000000a0000000,0x00000000a6415778,0x00000000aa680000)
 Metaspace       used 127756K, capacity 134264K, committed 134424K, reserved 1165312K
  class space    used 16303K, capacity 17609K, committed 17688K, reserved 1048576K
Event: 641.992 GC heap after
Heap after GC invocations=37 (full 4):
 PSYoungGen      total 481792K, used 39934K [0x00000000e0000000, 0x0000000100000000, 0x0000000100000000)
  eden space 441856K, 0% used [0x00000000e0000000,0x00000000e0000000,0x00000000faf80000)
  from space 39936K, 99% used [0x00000000faf80000,0x00000000fd67fa78,0x00000000fd680000)
  to   space 42496K, 0% used [0x00000000fd680000,0x00000000fd680000,0x0000000100000000)
 ParOldGen       total 170496K, used 106413K [0x00000000a0000000, 0x00000000aa680000, 0x00000000e0000000)
  object space 170496K, 62% used [0x00000000a0000000,0x00000000a67eb5b0,0x00000000aa680000)
 Metaspace       used 127756K, capacity 134264K, committed 134424K, reserved 1165312K
  class space    used 16303K, capacity 17609K, committed 17688K, reserved 1048576K
}
Event: 5470.181 GC heap before
{Heap before GC invocations=38 (full 4):
 PSYoungGen      total 481792K, used 481790K [0x00000000e0000000, 0x0000000100000000, 0x0000000100000000)
  eden space 441856K, 100% used [0x00000000e0000000,0x00000000faf80000,0x00000000faf80000)
  from space 39936K, 99% used [0x00000000faf80000,0x00000000fd67fa78,0x00000000fd680000)
  to   space 42496K, 0% used [0x00000000fd680000,0x00000000fd680000,0x0000000100000000)
 ParOldGen       total 170496K, used 106413K [0x00000000a0000000, 0x00000000aa680000, 0x00000000e0000000)
  object space 170496K, 62% used [0x00000000a0000000,0x00000000a67eb5b0,0x00000000aa680000)
 Metaspace       used 128297K, capacity 135086K, committed 135320K, reserved 1167360K
  class space    used 16343K, capacity 17680K, committed 17816K, reserved 1048576K
Event: 5470.510 GC heap after
Heap after GC invocations=38 (full 4):
 PSYoungGen      total 473600K, used 33821K [0x00000000e0000000, 0x0000000100000000, 0x0000000100000000)
  eden space 431104K, 0% used [0x00000000e0000000,0x00000000e0000000,0x00000000fa500000)
  from space 42496K, 79% used [0x00000000fd680000,0x00000000ff787488,0x0000000100000000)
  to   space 46592K, 0% used [0x00000000fa500000,0x00000000fa500000,0x00000000fd280000)
 ParOldGen       total 170496K, used 106830K [0x00000000a0000000, 0x00000000aa680000, 0x00000000e0000000)
  object space 170496K, 62% used [0x00000000a0000000,0x00000000a6853920,0x00000000aa680000)
 Metaspace       used 128297K, capacity 135086K, committed 135320K, reserved 1167360K
  class space    used 16343K, capacity 17680K, committed 17816K, reserved 1048576K
}
Event: 6730.709 GC heap before
{Heap before GC invocations=39 (full 4):
 PSYoungGen      total 473600K, used 464925K [0x00000000e0000000, 0x0000000100000000, 0x0000000100000000)
  eden space 431104K, 100% used [0x00000000e0000000,0x00000000fa500000,0x00000000fa500000)
  from space 42496K, 79% used [0x00000000fd680000,0x00000000ff787488,0x0000000100000000)
  to   space 46592K, 0% used [0x00000000fa500000,0x00000000fa500000,0x00000000fd280000)
 ParOldGen       total 170496K, used 106830K [0x00000000a0000000, 0x00000000aa680000, 0x00000000e0000000)
  object space 170496K, 62% used [0x00000000a0000000,0x00000000a6853920,0x00000000aa680000)
 Metaspace       used 129013K, capacity 136064K, committed 136344K, reserved 1167360K
  class space    used 16418K, capacity 17789K, committed 17816K, reserved 1048576K
Event: 6730.821 GC heap after
Heap after GC invocations=39 (full 4):
 PSYoungGen      total 477696K, used 30457K [0x00000000e0000000, 0x0000000100000000, 0x0000000100000000)
  eden space 431104K, 0% used [0x00000000e0000000,0x00000000e0000000,0x00000000fa500000)
  from space 46592K, 65% used [0x00000000fa500000,0x00000000fc2be668,0x00000000fd280000)
  to   space 45568K, 0% used [0x00000000fd380000,0x00000000fd380000,0x0000000100000000)
 ParOldGen       total 170496K, used 106838K [0x00000000a0000000, 0x00000000aa680000, 0x00000000e0000000)
  object space 170496K, 62% used [0x00000000a0000000,0x00000000a6855920,0x00000000aa680000)
 Metaspace       used 129013K, capacity 136064K, committed 136344K, reserved 1167360K
  class space    used 16418K, capacity 17789K, committed 17816K, reserved 1048576K
}

Deoptimization events (10 events):
Event: 6692.846 Thread 0x000000001ef7b000 Uncommon trap: reason=class_check action=maybe_recompile pc=0x00000000050ed04c method=org.gradle.internal.serialize.ExceptionReplacingObjectOutputStream.replaceObject(Ljava/lang/Object;)Ljava/lang/Object; @ 5
Event: 6692.846 Thread 0x000000001ef7b000 Uncommon trap: reason=class_check action=maybe_recompile pc=0x0000000002b5e6e0 method=java.lang.String.equals(Ljava/lang/Object;)Z @ 8
Event: 6692.846 Thread 0x000000001ef7b000 Uncommon trap: reason=class_check action=maybe_recompile pc=0x0000000002b5e6e0 method=java.lang.String.equals(Ljava/lang/Object;)Z @ 8
Event: 6692.846 Thread 0x000000001ef7b000 Uncommon trap: reason=class_check action=maybe_recompile pc=0x0000000002b5e6e0 method=java.lang.String.equals(Ljava/lang/Object;)Z @ 8
Event: 6692.846 Thread 0x000000001ef7b000 Uncommon trap: reason=class_check action=maybe_recompile pc=0x0000000002b5e6e0 method=java.lang.String.equals(Ljava/lang/Object;)Z @ 8
Event: 6692.849 Thread 0x000000001ef7b000 Uncommon trap: reason=bimorphic action=maybe_recompile pc=0x00000000072458bc method=java.util.concurrent.CopyOnWriteArrayList.indexOf(Ljava/lang/Object;[Ljava/lang/Object;II)I @ 46
Event: 6692.849 Thread 0x000000001ef7b000 Uncommon trap: reason=bimorphic action=maybe_recompile pc=0x00000000072458bc method=java.util.concurrent.CopyOnWriteArrayList.indexOf(Ljava/lang/Object;[Ljava/lang/Object;II)I @ 46
Event: 6692.849 Thread 0x000000001ef7b000 Uncommon trap: reason=bimorphic action=maybe_recompile pc=0x00000000072458bc method=java.util.concurrent.CopyOnWriteArrayList.indexOf(Ljava/lang/Object;[Ljava/lang/Object;II)I @ 46
Event: 6692.849 Thread 0x000000001ef7b000 Uncommon trap: reason=bimorphic action=maybe_recompile pc=0x00000000072458bc method=java.util.concurrent.CopyOnWriteArrayList.indexOf(Ljava/lang/Object;[Ljava/lang/Object;II)I @ 46
Event: 6729.047 Thread 0x0000000019a5b800 Uncommon trap: reason=unstable_if action=reinterpret pc=0x0000000003233e58 method=java.util.concurrent.locks.LockSupport.unpark(Ljava/lang/Thread;)V @ 1

Classes redefined (0 events):
No events

Internal exceptions (10 events):
Event: 6692.359 Thread 0x0000000019de0000 Exception <a 'java/io/IOException': CreateProcess error=1455, The paging file is too small for this operation to complete> (0x00000000ee655190) thrown at [D:\src\AOSP-openjdk-cygwin\jdk8u\hotspot\src\share\vm\prims\jni.cpp, line 736]
Event: 6692.498 Thread 0x0000000019de0000 Exception <a 'java/io/IOException'> (0x00000000ee8a3630) thrown at [D:\src\AOSP-openjdk-cygwin\jdk8u\hotspot\src\share\vm\prims\jni.cpp, line 710]
Event: 6692.579 Thread 0x0000000019dde000 Exception <a 'java/io/IOException'> (0x00000000ee72f9e8) thrown at [D:\src\AOSP-openjdk-cygwin\jdk8u\hotspot\src\share\vm\prims\jni.cpp, line 710]
Event: 6692.781 Thread 0x000000001ef7e000 Exception <a 'java/lang/NoSuchMethodError': <clinit>> (0x00000000e35d1d50) thrown at [D:\src\AOSP-openjdk-cygwin\jdk8u\hotspot\src\share\vm\prims\jni.cpp, line 1614]
Event: 6692.782 Thread 0x000000001ef7e000 Exception <a 'java/lang/NoSuchMethodError': <clinit>> (0x00000000e35db400) thrown at [D:\src\AOSP-openjdk-cygwin\jdk8u\hotspot\src\share\vm\prims\jni.cpp, line 1614]
Event: 6692.799 Thread 0x000000001ef7b000 Exception <a 'sun/nio/fs/WindowsException'> (0x00000000f00b1f40) thrown at [D:\src\AOSP-openjdk-cygwin\jdk8u\hotspot\src\share\vm\prims\jni.cpp, line 710]
Event: 6730.620 Thread 0x000000001ef74000 Exception <a 'java/io/IOException'> (0x00000000f97f3038) thrown at [D:\src\AOSP-openjdk-cygwin\jdk8u\hotspot\src\share\vm\prims\jni.cpp, line 710]
Event: 6730.824 Thread 0x000000001ef74000 Exception <a 'java/io/IOException'> (0x00000000e0141a68) thrown at [D:\src\AOSP-openjdk-cygwin\jdk8u\hotspot\src\share\vm\prims\jni.cpp, line 710]
Event: 6730.913 Thread 0x000000001ef74000 Exception <a 'java/io/IOException'> (0x00000000e053ba58) thrown at [D:\src\AOSP-openjdk-cygwin\jdk8u\hotspot\src\share\vm\prims\jni.cpp, line 710]
Event: 6730.980 Thread 0x0000000019dde800 Exception <a 'sun/nio/fs/WindowsException'> (0x00000000e0d0f488) thrown at [D:\src\AOSP-openjdk-cygwin\jdk8u\hotspot\src\share\vm\prims\jni.cpp, line 710]

Events (10 events):
Event: 6730.964 Thread 0x00000000162e9800 flushing nmethod 0x0000000002d71e10
Event: 6730.965 Thread 0x00000000162e9800 flushing nmethod 0x0000000002dac150
Event: 6730.965 Thread 0x00000000162e9800 flushing nmethod 0x0000000002dacc10
Event: 6730.965 Thread 0x00000000162e9800 flushing nmethod 0x0000000002dad590
Event: 6730.971 Executing VM operation: RevokeBias
Event: 6730.971 Executing VM operation: RevokeBias done
Event: 6730.989 Executing VM operation: RevokeBias
Event: 6730.990 Executing VM operation: RevokeBias done
Event: 6731.019 Thread 0x00000000162dd000 flushing nmethod 0x0000000003851f90
Event: 6731.021 Thread 0x00000000162dd000 flushing nmethod 0x0000000003b41f50


Dynamic libraries:
0x00007ff781590000 - 0x00007ff7815c1000 	C:\Program Files\Android\Android Studio\jre\bin\java.exe
0x00007ffdd40a0000 - 0x00007ffdd4290000 	C:\WINDOWS\SYSTEM32\ntdll.dll
0x00007ffdd3250000 - 0x00007ffdd3302000 	C:\WINDOWS\System32\KERNEL32.DLL
0x00007ffdd1ea0000 - 0x00007ffdd2143000 	C:\WINDOWS\System32\KERNELBASE.dll
0x00007ffdd3700000 - 0x00007ffdd37a3000 	C:\WINDOWS\System32\ADVAPI32.dll
0x00007ffdd2630000 - 0x00007ffdd26ce000 	C:\WINDOWS\System32\msvcrt.dll
0x00007ffdd3660000 - 0x00007ffdd36f7000 	C:\WINDOWS\System32\sechost.dll
0x00007ffdd2150000 - 0x00007ffdd2270000 	C:\WINDOWS\System32\RPCRT4.dll
0x00007ffdd34b0000 - 0x00007ffdd3644000 	C:\WINDOWS\System32\USER32.dll
0x00007ffdd1e70000 - 0x00007ffdd1e91000 	C:\WINDOWS\System32\win32u.dll
0x00007ffdd22e0000 - 0x00007ffdd2306000 	C:\WINDOWS\System32\GDI32.dll
0x00007ffdd1cd0000 - 0x00007ffdd1e64000 	C:\WINDOWS\System32\gdi32full.dll
0x00007ffdd19e0000 - 0x00007ffdd1a7e000 	C:\WINDOWS\System32\msvcp_win.dll
0x00007ffdd1b30000 - 0x00007ffdd1c2a000 	C:\WINDOWS\System32\ucrtbase.dll
0x00007ffdb6600000 - 0x00007ffdb6885000 	C:\WINDOWS\WinSxS\amd64_microsoft.windows.common-controls_6595b64144ccf1df_6.0.18362.778_none_e6c6b761130d4fb8\COMCTL32.dll
0x00007ffdd2f10000 - 0x00007ffdd3246000 	C:\WINDOWS\System32\combase.dll
0x00007ffdd1030000 - 0x00007ffdd10b0000 	C:\WINDOWS\System32\bcryptPrimitives.dll
0x00007ffdd2600000 - 0x00007ffdd262e000 	C:\WINDOWS\System32\IMM32.DLL
0x000000006c6f0000 - 0x000000006c7c2000 	C:\Program Files\Android\Android Studio\jre\jre\bin\msvcr100.dll
0x000000006bd30000 - 0x000000006c576000 	C:\Program Files\Android\Android Studio\jre\jre\bin\server\jvm.dll
0x00007ffdd26d0000 - 0x00007ffdd26d8000 	C:\WINDOWS\System32\PSAPI.DLL
0x00007ffdc3680000 - 0x00007ffdc3689000 	C:\WINDOWS\SYSTEM32\WSOCK32.dll
0x00007ffdd2ea0000 - 0x00007ffdd2f0f000 	C:\WINDOWS\System32\WS2_32.dll
0x00007ffdc6ff0000 - 0x00007ffdc7014000 	C:\WINDOWS\SYSTEM32\WINMM.dll
0x00007ffdcc220000 - 0x00007ffdcc22a000 	C:\WINDOWS\SYSTEM32\VERSION.dll
0x00007ffdc6db0000 - 0x00007ffdc6ddd000 	C:\WINDOWS\SYSTEM32\WINMMBASE.dll
0x00007ffdd1c80000 - 0x00007ffdd1cca000 	C:\WINDOWS\System32\cfgmgr32.dll
0x00007ffdcd4c0000 - 0x00007ffdcd4cf000 	C:\Program Files\Android\Android Studio\jre\jre\bin\verify.dll
0x00007ffdbe9d0000 - 0x00007ffdbe9f9000 	C:\Program Files\Android\Android Studio\jre\jre\bin\java.dll
0x00007ffdbeaf0000 - 0x00007ffdbeb06000 	C:\Program Files\Android\Android Studio\jre\jre\bin\zip.dll
0x00007ffdd27b0000 - 0x00007ffdd2e95000 	C:\WINDOWS\System32\SHELL32.dll
0x00007ffdd3400000 - 0x00007ffdd34a9000 	C:\WINDOWS\System32\shcore.dll
0x00007ffdd1110000 - 0x00007ffdd1890000 	C:\WINDOWS\System32\windows.storage.dll
0x00007ffdd0fe0000 - 0x00007ffdd1003000 	C:\WINDOWS\System32\profapi.dll
0x00007ffdd0f70000 - 0x00007ffdd0fba000 	C:\WINDOWS\System32\powrprof.dll
0x00007ffdd0f60000 - 0x00007ffdd0f70000 	C:\WINDOWS\System32\UMPDC.dll
0x00007ffdd23c0000 - 0x00007ffdd2412000 	C:\WINDOWS\System32\shlwapi.dll
0x00007ffdd1010000 - 0x00007ffdd1021000 	C:\WINDOWS\System32\kernel.appcore.dll
0x00007ffdd1c60000 - 0x00007ffdd1c77000 	C:\WINDOWS\System32\cryptsp.dll
0x00007ffdbe9b0000 - 0x00007ffdbe9ca000 	C:\Program Files\Android\Android Studio\jre\jre\bin\net.dll
0x00007ffdc4430000 - 0x00007ffdc4605000 	C:\WINDOWS\SYSTEM32\urlmon.dll
0x00007ffdc4180000 - 0x00007ffdc4426000 	C:\WINDOWS\SYSTEM32\iertutil.dll
0x00007ffdd09a0000 - 0x00007ffdd09ac000 	C:\WINDOWS\SYSTEM32\CRYPTBASE.DLL
0x00007ffdd07d0000 - 0x00007ffdd0837000 	C:\WINDOWS\system32\mswsock.dll
0x00007ffdbe990000 - 0x00007ffdbe9a3000 	C:\Program Files\Android\Android Studio\jre\jre\bin\nio.dll
0x00007ffdbe660000 - 0x00007ffdbe686000 	C:\Users\Shadi Mohammad\.gradle\native\30\windows-amd64\native-platform.dll
0x00007ffdcb730000 - 0x00007ffdcb73d000 	C:\Program Files\Android\Android Studio\jre\jre\bin\management.dll
0x00007ffdd0340000 - 0x00007ffdd0373000 	C:\WINDOWS\system32\rsaenh.dll
0x00007ffdd1c30000 - 0x00007ffdd1c56000 	C:\WINDOWS\System32\bcrypt.dll
0x00007ffdd0e80000 - 0x00007ffdd0ea5000 	C:\WINDOWS\SYSTEM32\USERENV.dll
0x00007ffdd04e0000 - 0x00007ffdd051a000 	C:\WINDOWS\SYSTEM32\IPHLPAPI.DLL
0x00007ffdd37b0000 - 0x00007ffdd37b8000 	C:\WINDOWS\System32\NSI.dll
0x00007ffdca1f0000 - 0x00007ffdca206000 	C:\WINDOWS\SYSTEM32\dhcpcsvc6.DLL
0x00007ffdcd050000 - 0x00007ffdcd06c000 	C:\WINDOWS\SYSTEM32\dhcpcsvc.DLL
0x00007ffdd0520000 - 0x00007ffdd05ea000 	C:\WINDOWS\SYSTEM32\DNSAPI.dll
0x00007ffdbe800000 - 0x00007ffdbe824000 	C:\Program Files\Android\Android Studio\jre\jre\bin\sunec.dll
0x00007ffdc7b70000 - 0x00007ffdc7b7b000 	C:\Program Files\Android\Android Studio\jre\jre\bin\sunmscapi.dll
0x00007ffdd1890000 - 0x00007ffdd19d9000 	C:\WINDOWS\System32\CRYPT32.dll
0x00007ffdd0fc0000 - 0x00007ffdd0fd2000 	C:\WINDOWS\System32\MSASN1.dll
0x00007ffdc7370000 - 0x00007ffdc737a000 	C:\Windows\System32\rasadhlp.dll
0x00007ffdcaca0000 - 0x00007ffdcad17000 	C:\WINDOWS\System32\fwpuclnt.dll
0x00007ffdd00d0000 - 0x00007ffdd0101000 	C:\WINDOWS\SYSTEM32\ntmarta.dll
0x00007ffdcec00000 - 0x00007ffdcec8f000 	C:\WINDOWS\system32\apphelp.dll

VM Arguments:
jvm_args: -Xmx1536m -Dfile.encoding=windows-1252 -Duser.country=US -Duser.language=en -Duser.variant 
java_command: org.gradle.launcher.daemon.bootstrap.GradleDaemon 5.6.4
java_class_path (initial): C:\Users\Shadi Mohammad\.gradle\wrapper\dists\gradle-5.6.4-all\ankdp27end7byghfw1q2sw75f\gradle-5.6.4\lib\gradle-launcher-5.6.4.jar
Launcher Type: SUN_STANDARD

Environment Variables:
PATH=C:\Program Files (x86)\Common Files\Oracle\Java\javapath;C:\ProgramData\Oracle\Java\javapath;C:\WINDOWS\system32;C:\WINDOWS;C:\WINDOWS\System32\Wbem;C:\WINDOWS\System32\WindowsPowerShell\v1.0\;C:\WINDOWS\System32\OpenSSH\;C:\Program Files\NVIDIA Corporation\NVIDIA NvDLISR;C:\Program Files (x86)\NVIDIA Corporation\PhysX\Common;C:\xampp\php;C:\composer;C:\WINDOWS\system32;C:\WINDOWS;C:\WINDOWS\System32\Wbem;C:\WINDOWS\System32\WindowsPowerShell\v1.0\;C:\WINDOWS\System32\OpenSSH\;c:\altera\90\quartus\bin;C:\Program Files\Git\cmd;C:\Users\Shadi Mohammad\AppData\Local\Microsoft\WindowsApps;C:\Users\Shadi Mohammad\AppData\Roaming\Composer\vendor\bin;
USERNAME=Shadi Mohammad
OS=Windows_NT
PROCESSOR_IDENTIFIER=Intel64 Family 6 Model 142 Stepping 9, GenuineIntel



---------------  S Y S T E M  ---------------

OS: Windows 10.0 , 64 bit Build 18362 (10.0.18362.778)

CPU:total 4 (initial active 4) (2 cores per cpu, 2 threads per core) family 6 model 142 stepping 9, cmov, cx8, fxsr, mmx, sse, sse2, sse3, ssse3, sse4.1, sse4.2, popcnt, avx, avx2, aes, clmul, erms, 3dnowpref, lzcnt, ht, tsc, tscinvbit, bmi1, bmi2, adx

Memory: 4k page, physical 8266252k(646908k free), swap 10216972k(64k free)

vm_info: OpenJDK 64-Bit Server VM (25.212-b04) for windows-amd64 JRE (1.8.0_212-release-1586-b04), built by "builder" with MS VC++ 10.0 (VS2010)

time: Tue Apr 21 17:32:47 2020
timezone: Jerusalem Daylight Time
elapsed time: 6731 seconds (0d 1h 52m 11s)

